[NX v21.1.3 Daemon Server] - 2025-10-03T12:18:08.976Z - Started listening on: /private/var/folders/m1/5xwzv3fs2k90p_f821n6f6080000gn/T/24a2a0453e73832fbe68/d.sock
[NX v21.1.3 Daemon Server] - 2025-10-03T12:18:08.981Z - [WATCHER]: Subscribed to changes within: /Users/spidey/code/Lighthouse/journey/feature_worktrees/LIG-192 (native)
[NX v21.1.3 Daemon Server] - 2025-10-03T12:18:08.982Z - Established a connection. Number of open connections: 1
[NX v21.1.3 Daemon Server] - 2025-10-03T12:18:08.983Z - Established a connection. Number of open connections: 2
[NX v21.1.3 Daemon Server] - 2025-10-03T12:18:08.984Z - Closed a connection. Number of open connections: 1
[NX v21.1.3 Daemon Server] - 2025-10-03T12:18:08.985Z - [REQUEST]: Client Request for Project Graph Received
[NX v21.1.3 Daemon Server] - 2025-10-03T12:18:09.164Z - Time taken for 'Load Nx Plugin: /Users/spidey/code/Lighthouse/journey/feature_worktrees/LIG-192/node_modules/.pnpm/nx@21.1.3/node_modules/nx/src/plugins/project-json/build-nodes/project-json' 174.53554200000002ms
[NX v21.1.3 Daemon Server] - 2025-10-03T12:18:09.174Z - Time taken for 'Load Nx Plugin: /Users/spidey/code/Lighthouse/journey/feature_worktrees/LIG-192/node_modules/.pnpm/nx@21.1.3/node_modules/nx/src/plugins/js' 186.748542ms
[NX v21.1.3 Daemon Server] - 2025-10-03T12:18:09.179Z - Time taken for 'loadDefaultNxPlugins' 187.743334ms
[NX v21.1.3 Daemon Server] - 2025-10-03T12:18:09.461Z - [REQUEST]: Responding to the client with an error. Error when preparing serialized project graph. Unable to resolve local plugin with import path @nx/js
Error: Unable to resolve local plugin with import path @nx/js
    at findNxProjectForImportPath (/Users/spidey/code/Lighthouse/journey/feature_worktrees/LIG-192/node_modules/.pnpm/nx@21.1.3/node_modules/nx/src/project-graph/plugins/resolve-plugin.js:119:11)
    at lookupLocalPlugin (/Users/spidey/code/Lighthouse/journey/feature_worktrees/LIG-192/node_modules/.pnpm/nx@21.1.3/node_modules/nx/src/project-graph/plugins/resolve-plugin.js:79:27)
    at resolveLocalNxPlugin (/Users/spidey/code/Lighthouse/journey/feature_worktrees/LIG-192/node_modules/.pnpm/nx@21.1.3/node_modules/nx/src/project-graph/plugins/resolve-plugin.js:42:12)
    at getPluginPathAndName (/Users/spidey/code/Lighthouse/journey/feature_worktrees/LIG-192/node_modules/.pnpm/nx@21.1.3/node_modules/nx/src/project-graph/plugins/resolve-plugin.js:56:28)
    at resolveNxPlugin (/Users/spidey/code/Lighthouse/journey/feature_worktrees/LIG-192/node_modules/.pnpm/nx@21.1.3/node_modules/nx/src/project-graph/plugins/resolve-plugin.js:25:62)
    at process.processTicksAndRejections (node:internal/process/task_queues:95:5)
    at async loadRemoteNxPlugin (/Users/spidey/code/Lighthouse/journey/feature_worktrees/LIG-192/node_modules/.pnpm/nx@21.1.3/node_modules/nx/src/project-graph/plugins/isolation/plugin-pool.js:34:62)
    at async /Users/spidey/code/Lighthouse/journey/feature_worktrees/LIG-192/node_modules/.pnpm/nx@21.1.3/node_modules/nx/src/project-graph/plugins/get-plugins.js:119:52
    at async Promise.all (index 0)
    at async loadSpecifiedNxPlugins (/Users/spidey/code/Lighthouse/journey/feature_worktrees/LIG-192/node_modules/.pnpm/nx@21.1.3/node_modules/nx/src/project-graph/plugins/get-plugins.js:116:9)
[NX v21.1.3 Daemon Server] - 2025-10-03T12:18:09.462Z - Done responding to the client null
[NX v21.1.3 Daemon Server] - 2025-10-03T12:18:09.462Z - Handled REQUEST_PROJECT_GRAPH. Handling time: 476. Response time: 1.
[NX v21.1.3 Daemon Server] - 2025-10-03T12:18:09.463Z - Time taken for 'build-project-configs' 284.333834ms
[NX v21.1.3 Daemon Server] - 2025-10-03T12:18:09.467Z - Closed a connection. Number of open connections: 0
[NX v21.1.3 Daemon Server] - 2025-10-03T12:18:19.087Z - [WATCHER]: _tmp_14586_75dde138109b78b7887e0dc4c2a700f1 was deleted
[NX v21.1.3 Daemon Server] - 2025-10-03T12:18:19.090Z - [WATCHER]: Processing file changes in outputs
node:internal/process/promises:391
    triggerUncaughtException(err, true /* fromPromise */);
    ^

Error: Unable to resolve local plugin with import path @nx/js
    at findNxProjectForImportPath (/Users/spidey/code/Lighthouse/journey/feature_worktrees/LIG-192/node_modules/.pnpm/nx@21.1.3/node_modules/nx/src/project-graph/plugins/resolve-plugin.js:119:11)
    at lookupLocalPlugin (/Users/spidey/code/Lighthouse/journey/feature_worktrees/LIG-192/node_modules/.pnpm/nx@21.1.3/node_modules/nx/src/project-graph/plugins/resolve-plugin.js:79:27)
    at resolveLocalNxPlugin (/Users/spidey/code/Lighthouse/journey/feature_worktrees/LIG-192/node_modules/.pnpm/nx@21.1.3/node_modules/nx/src/project-graph/plugins/resolve-plugin.js:42:12)
    at getPluginPathAndName (/Users/spidey/code/Lighthouse/journey/feature_worktrees/LIG-192/node_modules/.pnpm/nx@21.1.3/node_modules/nx/src/project-graph/plugins/resolve-plugin.js:56:28)
    at resolveNxPlugin (/Users/spidey/code/Lighthouse/journey/feature_worktrees/LIG-192/node_modules/.pnpm/nx@21.1.3/node_modules/nx/src/project-graph/plugins/resolve-plugin.js:25:62)
    at process.processTicksAndRejections (node:internal/process/task_queues:95:5)
    at async loadRemoteNxPlugin (/Users/spidey/code/Lighthouse/journey/feature_worktrees/LIG-192/node_modules/.pnpm/nx@21.1.3/node_modules/nx/src/project-graph/plugins/isolation/plugin-pool.js:34:62)
    at async /Users/spidey/code/Lighthouse/journey/feature_worktrees/LIG-192/node_modules/.pnpm/nx@21.1.3/node_modules/nx/src/project-graph/plugins/get-plugins.js:119:52
    at async Promise.all (index 0)
    at async loadSpecifiedNxPlugins (/Users/spidey/code/Lighthouse/journey/feature_worktrees/LIG-192/node_modules/.pnpm/nx@21.1.3/node_modules/nx/src/project-graph/plugins/get-plugins.js:116:9)

Node.js v20.19.3
[NX v21.1.3 Daemon Server] - 2025-10-03T12:18:35.774Z - Started listening on: /private/var/folders/m1/5xwzv3fs2k90p_f821n6f6080000gn/T/24a2a0453e73832fbe68/d.sock
[NX v21.1.3 Daemon Server] - 2025-10-03T12:18:35.779Z - [WATCHER]: Subscribed to changes within: /Users/spidey/code/Lighthouse/journey/feature_worktrees/LIG-192 (native)
[NX v21.1.3 Daemon Server] - 2025-10-03T12:18:35.782Z - Established a connection. Number of open connections: 1
[NX v21.1.3 Daemon Server] - 2025-10-03T12:18:35.783Z - Established a connection. Number of open connections: 2
[NX v21.1.3 Daemon Server] - 2025-10-03T12:18:35.784Z - Closed a connection. Number of open connections: 1
[NX v21.1.3 Daemon Server] - 2025-10-03T12:18:35.785Z - [REQUEST]: Client Request for Project Graph Received
[NX v21.1.3 Daemon Server] - 2025-10-03T12:18:35.964Z - Time taken for 'Load Nx Plugin: /Users/spidey/code/Lighthouse/journey/feature_worktrees/LIG-192/node_modules/.pnpm/nx@21.1.3/node_modules/nx/src/plugins/package-json' 175.37675ms
[NX v21.1.3 Daemon Server] - 2025-10-03T12:18:35.968Z - Time taken for 'Load Nx Plugin: /Users/spidey/code/Lighthouse/journey/feature_worktrees/LIG-192/node_modules/.pnpm/nx@21.1.3/node_modules/nx/src/plugins/project-json/build-nodes/project-json' 179.852542ms
[NX v21.1.3 Daemon Server] - 2025-10-03T12:18:35.992Z - Time taken for 'loadDefaultNxPlugins' 204.211458ms
[NX v21.1.3 Daemon Server] - 2025-10-03T12:18:36.272Z - [REQUEST]: Updated workspace context based on watched changes, recomputing project graph...
[NX v21.1.3 Daemon Server] - 2025-10-03T12:18:36.272Z - [REQUEST]: 
[NX v21.1.3 Daemon Server] - 2025-10-03T12:18:36.272Z - [REQUEST]: 
[NX v21.1.3 Daemon Server] - 2025-10-03T12:18:36.278Z - Time taken for 'loadSpecifiedNxPlugins' 485.16575ms

 NX   Using `implicitDependencies` for global implicit dependencies configuration is no longer supported.

Use "namedInputs" instead. You can run "nx repair" to automatically migrate your configuration.
For more information about the usage of "namedInputs" see https://nx.dev/deprecated/global-implicit-dependencies#global-implicit-dependencies

[NX v21.1.3 Daemon Server] - 2025-10-03T12:18:36.498Z - Time taken for 'build-project-configs' 209.11454200000003ms
[NX v21.1.3 Daemon Server] - 2025-10-03T12:18:36.583Z - [SYNC]: collect registered sync generators
[NX v21.1.3 Daemon Server] - 2025-10-03T12:18:36.583Z - [REQUEST]: Responding to the client. project-graph
[NX v21.1.3 Daemon Server] - 2025-10-03T12:18:36.584Z - Time taken for 'total for creating and serializing project graph' 798.121416ms
[NX v21.1.3 Daemon Server] - 2025-10-03T12:18:36.587Z - Done responding to the client project-graph
[NX v21.1.3 Daemon Server] - 2025-10-03T12:18:36.587Z - Handled REQUEST_PROJECT_GRAPH. Handling time: 798. Response time: 4.
[NX v21.1.3 Daemon Server] - 2025-10-03T12:18:36.796Z - [REQUEST]: Responding to the client. handleContextFileData
[NX v21.1.3 Daemon Server] - 2025-10-03T12:18:36.796Z - Done responding to the client handleContextFileData
[NX v21.1.3 Daemon Server] - 2025-10-03T12:18:36.796Z - Handled GET_CONTEXT_FILE_DATA. Handling time: 1. Response time: 0.
[NX v21.1.3 Daemon Server] - 2025-10-03T12:18:37.305Z - [REQUEST]: Responding to the client. handleRunPreTasksExecution
[NX v21.1.3 Daemon Server] - 2025-10-03T12:18:37.305Z - Done responding to the client handleRunPreTasksExecution
[NX v21.1.3 Daemon Server] - 2025-10-03T12:18:37.305Z - Handled PRE_TASKS_EXECUTION. Handling time: 1. Response time: 0.
[NX v21.1.3 Daemon Server] - 2025-10-03T12:18:37.305Z - Time taken for 'preTasksExecution' 0.4102909999999156ms
[NX v21.1.3 Daemon Server] - 2025-10-03T12:18:37.422Z - [REQUEST]: Responding to the client. handleHashTasks
[NX v21.1.3 Daemon Server] - 2025-10-03T12:18:37.422Z - Done responding to the client handleHashTasks
[NX v21.1.3 Daemon Server] - 2025-10-03T12:18:37.422Z - Handled HASH_TASKS. Handling time: 11. Response time: 0.
[NX v21.1.3 Daemon Server] - 2025-10-03T12:18:37.582Z - [REQUEST]: Responding to the client. handleGetEstimatedTaskTimings
[NX v21.1.3 Daemon Server] - 2025-10-03T12:18:37.582Z - Done responding to the client handleGetEstimatedTaskTimings
[NX v21.1.3 Daemon Server] - 2025-10-03T12:18:37.582Z - Handled GET_ESTIMATED_TASK_TIMINGS. Handling time: 81. Response time: 0.
[NX v21.1.3 Daemon Server] - 2025-10-03T12:18:40.354Z - [REQUEST]: Responding to the client. recordOutputsHash
[NX v21.1.3 Daemon Server] - 2025-10-03T12:18:40.356Z - Done responding to the client recordOutputsHash
[NX v21.1.3 Daemon Server] - 2025-10-03T12:18:40.356Z - Handled RECORD_OUTPUTS_HASH. Handling time: 2. Response time: 2.
[NX v21.1.3 Daemon Server] - 2025-10-03T12:18:55.886Z - [REQUEST]: Responding to the client. recordOutputsHash
[NX v21.1.3 Daemon Server] - 2025-10-03T12:18:55.887Z - Done responding to the client recordOutputsHash
[NX v21.1.3 Daemon Server] - 2025-10-03T12:18:55.887Z - Handled RECORD_OUTPUTS_HASH. Handling time: 0. Response time: 1.
[NX v21.1.3 Daemon Server] - 2025-10-03T12:19:49.112Z - [WATCHER]: Processing file changes in outputs
[NX v21.1.3 Daemon Server] - 2025-10-03T12:19:49.328Z - [REQUEST]: Responding to the client. recordOutputsHash
[NX v21.1.3 Daemon Server] - 2025-10-03T12:19:49.328Z - Done responding to the client recordOutputsHash
[NX v21.1.3 Daemon Server] - 2025-10-03T12:19:49.328Z - Handled RECORD_OUTPUTS_HASH. Handling time: 1. Response time: 0.
[NX v21.1.3 Daemon Server] - 2025-10-03T12:19:49.335Z - [REQUEST]: Responding to the client. handleRecordTaskRuns
[NX v21.1.3 Daemon Server] - 2025-10-03T12:19:49.335Z - Done responding to the client handleRecordTaskRuns
[NX v21.1.3 Daemon Server] - 2025-10-03T12:19:49.335Z - Handled RECORD_TASK_RUNS. Handling time: 2. Response time: 0.
[NX v21.1.3 Daemon Server] - 2025-10-03T12:19:49.336Z - [REQUEST]: Responding to the client. handleGetFlakyTasks
[NX v21.1.3 Daemon Server] - 2025-10-03T12:19:49.336Z - Done responding to the client handleGetFlakyTasks
[NX v21.1.3 Daemon Server] - 2025-10-03T12:19:49.336Z - Handled GET_FLAKY_TASKS. Handling time: 1. Response time: 0.
[NX v21.1.3 Daemon Server] - 2025-10-03T12:19:49.571Z - [REQUEST]: Responding to the client. handleRunPostTasksExecution
[NX v21.1.3 Daemon Server] - 2025-10-03T12:19:49.571Z - Done responding to the client handleRunPostTasksExecution
[NX v21.1.3 Daemon Server] - 2025-10-03T12:19:49.571Z - Handled POST_TASKS_EXECUTION. Handling time: 0. Response time: 0.
[NX v21.1.3 Daemon Server] - 2025-10-03T12:19:49.571Z - Time taken for 'postTasksExecution' 0.29116599999542814ms
[NX v21.1.3 Daemon Server] - 2025-10-03T12:19:49.576Z - Closed a connection. Number of open connections: 0
[NX v21.1.3 Daemon Server] - 2025-10-03T12:20:18.930Z - [WATCHER]: packages/server/src/services/user.service.ts was modified
[NX v21.1.3 Daemon Server] - 2025-10-03T12:20:18.932Z - [WATCHER]: Processing file changes in outputs
[NX v21.1.3 Daemon Server] - 2025-10-03T12:20:19.035Z - [REQUEST]: Updated workspace context based on watched changes, recomputing project graph...
[NX v21.1.3 Daemon Server] - 2025-10-03T12:20:19.035Z - [REQUEST]: packages/server/src/services/user.service.ts
[NX v21.1.3 Daemon Server] - 2025-10-03T12:20:19.035Z - [REQUEST]: 
[NX v21.1.3 Daemon Server] - 2025-10-03T12:20:19.042Z - Time taken for 'hash changed files from watcher' 2.428457999994862ms

 NX   Using `implicitDependencies` for global implicit dependencies configuration is no longer supported.

Use "namedInputs" instead. You can run "nx repair" to automatically migrate your configuration.
For more information about the usage of "namedInputs" see https://nx.dev/deprecated/global-implicit-dependencies#global-implicit-dependencies

[NX v21.1.3 Daemon Server] - 2025-10-03T12:20:19.076Z - Time taken for 'build-project-configs' 32.30912499999977ms
[NX v21.1.3 Daemon Server] - 2025-10-03T12:20:19.117Z - [SYNC]: collect registered sync generators
[NX v21.1.3 Daemon Server] - 2025-10-03T12:20:19.117Z - [SYNC]: project graph hash is the same, not collecting task sync generators
[NX v21.1.3 Daemon Server] - 2025-10-03T12:20:19.117Z - [SYNC]: nx.json hash is the same, not collecting global sync generators
[NX v21.1.3 Daemon Server] - 2025-10-03T12:20:19.117Z - Time taken for 'total execution time for createProjectGraph()' 33.68595800000185ms
[NX v21.1.3 Daemon Server] - 2025-10-03T12:20:32.044Z - Established a connection. Number of open connections: 1
[NX v21.1.3 Daemon Server] - 2025-10-03T12:20:32.046Z - Established a connection. Number of open connections: 2
[NX v21.1.3 Daemon Server] - 2025-10-03T12:20:32.046Z - Closed a connection. Number of open connections: 1
[NX v21.1.3 Daemon Server] - 2025-10-03T12:20:32.048Z - [REQUEST]: Client Request for Project Graph Received
[NX v21.1.3 Daemon Server] - 2025-10-03T12:20:32.048Z - [REQUEST]: Responding to the client. project-graph
[NX v21.1.3 Daemon Server] - 2025-10-03T12:20:32.049Z - Time taken for 'total for creating and serializing project graph' 0.5632500000065193ms
[NX v21.1.3 Daemon Server] - 2025-10-03T12:20:32.053Z - Done responding to the client project-graph
[NX v21.1.3 Daemon Server] - 2025-10-03T12:20:32.053Z - Handled REQUEST_PROJECT_GRAPH. Handling time: 1. Response time: 5.
[NX v21.1.3 Daemon Server] - 2025-10-03T12:20:32.110Z - [REQUEST]: Responding to the client. handleContextFileData
[NX v21.1.3 Daemon Server] - 2025-10-03T12:20:32.110Z - Done responding to the client handleContextFileData
[NX v21.1.3 Daemon Server] - 2025-10-03T12:20:32.110Z - Handled GET_CONTEXT_FILE_DATA. Handling time: 1. Response time: 0.
[NX v21.1.3 Daemon Server] - 2025-10-03T12:20:32.700Z - [REQUEST]: Responding to the client. handleRunPreTasksExecution
[NX v21.1.3 Daemon Server] - 2025-10-03T12:20:32.700Z - Done responding to the client handleRunPreTasksExecution
[NX v21.1.3 Daemon Server] - 2025-10-03T12:20:32.700Z - Handled PRE_TASKS_EXECUTION. Handling time: 0. Response time: 0.
[NX v21.1.3 Daemon Server] - 2025-10-03T12:20:32.700Z - Time taken for 'preTasksExecution' 0.1482920000125887ms
[NX v21.1.3 Daemon Server] - 2025-10-03T12:20:32.822Z - [REQUEST]: Responding to the client. handleHashTasks
[NX v21.1.3 Daemon Server] - 2025-10-03T12:20:32.823Z - Done responding to the client handleHashTasks
[NX v21.1.3 Daemon Server] - 2025-10-03T12:20:32.823Z - Handled HASH_TASKS. Handling time: 18. Response time: 1.
[NX v21.1.3 Daemon Server] - 2025-10-03T12:20:32.898Z - [REQUEST]: Responding to the client. handleGetEstimatedTaskTimings
[NX v21.1.3 Daemon Server] - 2025-10-03T12:20:32.899Z - Done responding to the client handleGetEstimatedTaskTimings
[NX v21.1.3 Daemon Server] - 2025-10-03T12:20:32.899Z - Handled GET_ESTIMATED_TASK_TIMINGS. Handling time: 1. Response time: 1.
[NX v21.1.3 Daemon Server] - 2025-10-03T12:20:34.323Z - [REQUEST]: Responding to the client. recordOutputsHash
[NX v21.1.3 Daemon Server] - 2025-10-03T12:20:34.323Z - Done responding to the client recordOutputsHash
[NX v21.1.3 Daemon Server] - 2025-10-03T12:20:34.323Z - Handled RECORD_OUTPUTS_HASH. Handling time: 1. Response time: 0.
[NX v21.1.3 Daemon Server] - 2025-10-03T12:20:46.715Z - [WATCHER]: Processing file changes in outputs
[NX v21.1.3 Daemon Server] - 2025-10-03T12:20:46.948Z - Closed a connection. Number of open connections: 0
[NX v21.1.3 Daemon Server] - 2025-10-03T12:21:06.786Z - Established a connection. Number of open connections: 1
[NX v21.1.3 Daemon Server] - 2025-10-03T12:21:06.787Z - Closed a connection. Number of open connections: 0
[NX v21.1.3 Daemon Server] - 2025-10-03T12:21:06.788Z - Established a connection. Number of open connections: 1
[NX v21.1.3 Daemon Server] - 2025-10-03T12:21:06.791Z - [REQUEST]: Client Request for Project Graph Received
[NX v21.1.3 Daemon Server] - 2025-10-03T12:21:06.792Z - [REQUEST]: Responding to the client. project-graph
[NX v21.1.3 Daemon Server] - 2025-10-03T12:21:06.794Z - Time taken for 'total for creating and serializing project graph' 0.7958750000107102ms
[NX v21.1.3 Daemon Server] - 2025-10-03T12:21:06.796Z - Done responding to the client project-graph
[NX v21.1.3 Daemon Server] - 2025-10-03T12:21:06.796Z - Handled REQUEST_PROJECT_GRAPH. Handling time: 1. Response time: 4.
[NX v21.1.3 Daemon Server] - 2025-10-03T12:21:06.894Z - [REQUEST]: Responding to the client. handleContextFileData
[NX v21.1.3 Daemon Server] - 2025-10-03T12:21:06.897Z - Done responding to the client handleContextFileData
[NX v21.1.3 Daemon Server] - 2025-10-03T12:21:06.897Z - Handled GET_CONTEXT_FILE_DATA. Handling time: 2. Response time: 3.
[NX v21.1.3 Daemon Server] - 2025-10-03T12:21:07.596Z - Closed a connection. Number of open connections: 0
[NX v21.1.3 Daemon Server] - 2025-10-03T12:21:52.222Z - [WATCHER]: Processing file changes in outputs
[NX v21.1.3 Daemon Server] - 2025-10-03T12:21:52.230Z - [WATCHER]: 1 file(s) created or restored, 0 file(s) modified, 1 file(s) deleted
[NX v21.1.3 Daemon Server] - 2025-10-03T12:21:52.332Z - [REQUEST]: Updated workspace context based on watched changes, recomputing project graph...
[NX v21.1.3 Daemon Server] - 2025-10-03T12:21:52.332Z - [REQUEST]: docs/NX_USAGE.md
[NX v21.1.3 Daemon Server] - 2025-10-03T12:21:52.332Z - [REQUEST]: docs/NX_USAGE.md.tmp.83861.1759494112135
[NX v21.1.3 Daemon Server] - 2025-10-03T12:21:52.345Z - Time taken for 'hash changed files from watcher' 1.6372080000001006ms

 NX   Using `implicitDependencies` for global implicit dependencies configuration is no longer supported.

Use "namedInputs" instead. You can run "nx repair" to automatically migrate your configuration.
For more information about the usage of "namedInputs" see https://nx.dev/deprecated/global-implicit-dependencies#global-implicit-dependencies

[NX v21.1.3 Daemon Server] - 2025-10-03T12:21:52.391Z - Time taken for 'build-project-configs' 40.87100000001374ms
[NX v21.1.3 Daemon Server] - 2025-10-03T12:21:52.459Z - [SYNC]: collect registered sync generators
[NX v21.1.3 Daemon Server] - 2025-10-03T12:21:52.460Z - [SYNC]: project graph hash is the same, not collecting task sync generators
[NX v21.1.3 Daemon Server] - 2025-10-03T12:21:52.460Z - [SYNC]: nx.json hash is the same, not collecting global sync generators
[NX v21.1.3 Daemon Server] - 2025-10-03T12:21:52.460Z - Time taken for 'total execution time for createProjectGraph()' 62.64937500000815ms
[NX v21.1.3 Daemon Server] - 2025-10-03T12:35:13.168Z - [WATCHER]: 1 file(s) created or restored, 0 file(s) modified, 1 file(s) deleted
[NX v21.1.3 Daemon Server] - 2025-10-03T12:35:13.170Z - [WATCHER]: Processing file changes in outputs
[NX v21.1.3 Daemon Server] - 2025-10-03T12:35:13.274Z - [REQUEST]: Updated workspace context based on watched changes, recomputing project graph...
[NX v21.1.3 Daemon Server] - 2025-10-03T12:35:13.274Z - [REQUEST]: packages/server/package.json
[NX v21.1.3 Daemon Server] - 2025-10-03T12:35:13.274Z - [REQUEST]: packages/server/package.json.tmp.83861.1759494913072
[NX v21.1.3 Daemon Server] - 2025-10-03T12:35:13.285Z - Time taken for 'hash changed files from watcher' 2.514958000043407ms

 NX   Using `implicitDependencies` for global implicit dependencies configuration is no longer supported.

Use "namedInputs" instead. You can run "nx repair" to automatically migrate your configuration.
For more information about the usage of "namedInputs" see https://nx.dev/deprecated/global-implicit-dependencies#global-implicit-dependencies

[NX v21.1.3 Daemon Server] - 2025-10-03T12:35:13.381Z - Time taken for 'build-project-configs' 85.24670799996238ms
[NX v21.1.3 Daemon Server] - 2025-10-03T12:35:13.429Z - [SYNC]: collect registered sync generators
[NX v21.1.3 Daemon Server] - 2025-10-03T12:35:13.429Z - [SYNC]: nx.json hash is the same, not collecting global sync generators
[NX v21.1.3 Daemon Server] - 2025-10-03T12:35:13.430Z - Time taken for 'total execution time for createProjectGraph()' 46.160333000007086ms
[NX v21.1.3 Daemon Server] - 2025-10-03T12:35:22.773Z - [WATCHER]: 1 file(s) created or restored, 0 file(s) modified, 1 file(s) deleted
[NX v21.1.3 Daemon Server] - 2025-10-03T12:35:22.777Z - [WATCHER]: Processing file changes in outputs
[NX v21.1.3 Daemon Server] - 2025-10-03T12:35:22.878Z - [REQUEST]: Updated workspace context based on watched changes, recomputing project graph...
[NX v21.1.3 Daemon Server] - 2025-10-03T12:35:22.878Z - [REQUEST]: packages/ui/package.json
[NX v21.1.3 Daemon Server] - 2025-10-03T12:35:22.878Z - [REQUEST]: packages/ui/package.json.tmp.83861.1759494922709
[NX v21.1.3 Daemon Server] - 2025-10-03T12:35:22.882Z - Time taken for 'hash changed files from watcher' 0.5267920000478625ms

 NX   Using `implicitDependencies` for global implicit dependencies configuration is no longer supported.

Use "namedInputs" instead. You can run "nx repair" to automatically migrate your configuration.
For more information about the usage of "namedInputs" see https://nx.dev/deprecated/global-implicit-dependencies#global-implicit-dependencies

[NX v21.1.3 Daemon Server] - 2025-10-03T12:35:22.914Z - Time taken for 'build-project-configs' 26.871707999962382ms
[NX v21.1.3 Daemon Server] - 2025-10-03T12:35:22.960Z - [SYNC]: collect registered sync generators
[NX v21.1.3 Daemon Server] - 2025-10-03T12:35:22.960Z - [SYNC]: nx.json hash is the same, not collecting global sync generators
[NX v21.1.3 Daemon Server] - 2025-10-03T12:35:22.961Z - Time taken for 'total execution time for createProjectGraph()' 42.71845799998846ms
[NX v21.1.3 Daemon Server] - 2025-10-03T12:35:55.141Z - [WATCHER]: Processing file changes in outputs
[NX v21.1.3 Daemon Server] - 2025-10-03T12:35:55.145Z - [WATCHER]: 1 file(s) created or restored, 0 file(s) modified, 1 file(s) deleted
[NX v21.1.3 Daemon Server] - 2025-10-03T12:35:55.247Z - [REQUEST]: Updated workspace context based on watched changes, recomputing project graph...
[NX v21.1.3 Daemon Server] - 2025-10-03T12:35:55.247Z - [REQUEST]: packages/schema/package.json
[NX v21.1.3 Daemon Server] - 2025-10-03T12:35:55.247Z - [REQUEST]: packages/schema/package.json.tmp.83861.1759494955060
[NX v21.1.3 Daemon Server] - 2025-10-03T12:35:55.250Z - Time taken for 'hash changed files from watcher' 0.517333000083454ms

 NX   Using `implicitDependencies` for global implicit dependencies configuration is no longer supported.

Use "namedInputs" instead. You can run "nx repair" to automatically migrate your configuration.
For more information about the usage of "namedInputs" see https://nx.dev/deprecated/global-implicit-dependencies#global-implicit-dependencies

[NX v21.1.3 Daemon Server] - 2025-10-03T12:35:55.293Z - Time taken for 'build-project-configs' 38.60320800007321ms
[NX v21.1.3 Daemon Server] - 2025-10-03T12:35:55.329Z - [SYNC]: collect registered sync generators
[NX v21.1.3 Daemon Server] - 2025-10-03T12:35:55.330Z - [SYNC]: nx.json hash is the same, not collecting global sync generators
[NX v21.1.3 Daemon Server] - 2025-10-03T12:35:55.330Z - Time taken for 'total execution time for createProjectGraph()' 32.05187500000466ms
[NX v21.1.3 Daemon Server] - 2025-10-03T12:36:11.668Z - [WATCHER]: Processing file changes in outputs
[NX v21.1.3 Daemon Server] - 2025-10-03T12:36:11.672Z - [WATCHER]: 1 file(s) created or restored, 0 file(s) modified, 1 file(s) deleted
[NX v21.1.3 Daemon Server] - 2025-10-03T12:36:11.776Z - [REQUEST]: Updated workspace context based on watched changes, recomputing project graph...
[NX v21.1.3 Daemon Server] - 2025-10-03T12:36:11.776Z - [REQUEST]: package.json
[NX v21.1.3 Daemon Server] - 2025-10-03T12:36:11.776Z - [REQUEST]: package.json.tmp.83861.1759494971574
[NX v21.1.3 Daemon Server] - 2025-10-03T12:36:11.783Z - Time taken for 'hash changed files from watcher' 2.4692500000819564ms

 NX   Using `implicitDependencies` for global implicit dependencies configuration is no longer supported.

Use "namedInputs" instead. You can run "nx repair" to automatically migrate your configuration.
For more information about the usage of "namedInputs" see https://nx.dev/deprecated/global-implicit-dependencies#global-implicit-dependencies

[NX v21.1.3 Daemon Server] - 2025-10-03T12:36:11.823Z - Time taken for 'build-project-configs' 36.94925000006333ms
[NX v21.1.3 Daemon Server] - 2025-10-03T12:36:11.853Z - [SYNC]: collect registered sync generators
[NX v21.1.3 Daemon Server] - 2025-10-03T12:36:11.853Z - [SYNC]: project graph hash is the same, not collecting task sync generators
[NX v21.1.3 Daemon Server] - 2025-10-03T12:36:11.853Z - [SYNC]: nx.json hash is the same, not collecting global sync generators
[NX v21.1.3 Daemon Server] - 2025-10-03T12:36:11.853Z - Time taken for 'total execution time for createProjectGraph()' 25.49658300005831ms
[NX v21.1.3 Daemon Server] - 2025-10-03T12:36:24.568Z - Established a connection. Number of open connections: 1
[NX v21.1.3 Daemon Server] - 2025-10-03T12:36:24.569Z - Established a connection. Number of open connections: 2
[NX v21.1.3 Daemon Server] - 2025-10-03T12:36:24.570Z - Closed a connection. Number of open connections: 1
[NX v21.1.3 Daemon Server] - 2025-10-03T12:36:24.575Z - [REQUEST]: Client Request for Project Graph Received
[NX v21.1.3 Daemon Server] - 2025-10-03T12:36:24.576Z - [REQUEST]: Responding to the client. project-graph
[NX v21.1.3 Daemon Server] - 2025-10-03T12:36:24.577Z - Time taken for 'total for creating and serializing project graph' 0.6755830000620335ms
[NX v21.1.3 Daemon Server] - 2025-10-03T12:36:24.580Z - Done responding to the client project-graph
[NX v21.1.3 Daemon Server] - 2025-10-03T12:36:24.580Z - Handled REQUEST_PROJECT_GRAPH. Handling time: 1. Response time: 4.
[NX v21.1.3 Daemon Server] - 2025-10-03T12:36:24.643Z - [REQUEST]: Responding to the client. handleContextFileData
[NX v21.1.3 Daemon Server] - 2025-10-03T12:36:24.644Z - Done responding to the client handleContextFileData
[NX v21.1.3 Daemon Server] - 2025-10-03T12:36:24.644Z - Handled GET_CONTEXT_FILE_DATA. Handling time: 1. Response time: 1.
[NX v21.1.3 Daemon Server] - 2025-10-03T12:36:25.191Z - [REQUEST]: Responding to the client. handleRunPreTasksExecution
[NX v21.1.3 Daemon Server] - 2025-10-03T12:36:25.191Z - Done responding to the client handleRunPreTasksExecution
[NX v21.1.3 Daemon Server] - 2025-10-03T12:36:25.191Z - Handled PRE_TASKS_EXECUTION. Handling time: 1. Response time: 0.
[NX v21.1.3 Daemon Server] - 2025-10-03T12:36:25.191Z - Time taken for 'preTasksExecution' 0.5339170000515878ms
[NX v21.1.3 Daemon Server] - 2025-10-03T12:36:25.349Z - [REQUEST]: Responding to the client. handleHashTasks
[NX v21.1.3 Daemon Server] - 2025-10-03T12:36:25.351Z - Done responding to the client handleHashTasks
[NX v21.1.3 Daemon Server] - 2025-10-03T12:36:25.351Z - Handled HASH_TASKS. Handling time: 24. Response time: 2.
[NX v21.1.3 Daemon Server] - 2025-10-03T12:36:25.421Z - [REQUEST]: Responding to the client. handleGetEstimatedTaskTimings
[NX v21.1.3 Daemon Server] - 2025-10-03T12:36:25.421Z - Done responding to the client handleGetEstimatedTaskTimings
[NX v21.1.3 Daemon Server] - 2025-10-03T12:36:25.421Z - Handled GET_ESTIMATED_TASK_TIMINGS. Handling time: 1. Response time: 0.
[NX v21.1.3 Daemon Server] - 2025-10-03T12:36:26.604Z - [REQUEST]: Responding to the client. recordOutputsHash
[NX v21.1.3 Daemon Server] - 2025-10-03T12:36:26.605Z - Done responding to the client recordOutputsHash
[NX v21.1.3 Daemon Server] - 2025-10-03T12:36:26.605Z - Handled RECORD_OUTPUTS_HASH. Handling time: 0. Response time: 1.
[NX v21.1.3 Daemon Server] - 2025-10-03T12:36:35.234Z - [REQUEST]: Responding to the client. recordOutputsHash
[NX v21.1.3 Daemon Server] - 2025-10-03T12:36:35.234Z - Done responding to the client recordOutputsHash
[NX v21.1.3 Daemon Server] - 2025-10-03T12:36:35.234Z - Handled RECORD_OUTPUTS_HASH. Handling time: 1. Response time: 0.
[NX v21.1.3 Daemon Server] - 2025-10-03T12:36:35.346Z - [WATCHER]: Processing file changes in outputs
[NX v21.1.3 Daemon Server] - 2025-10-03T12:36:35.406Z - Closed a connection. Number of open connections: 0
[NX v21.1.3 Daemon Server] - 2025-10-03T12:36:49.250Z - [WATCHER]: Processing file changes in outputs
[NX v21.1.3 Daemon Server] - 2025-10-03T12:36:49.252Z - [WATCHER]: 1 file(s) created or restored, 0 file(s) modified, 1 file(s) deleted
[NX v21.1.3 Daemon Server] - 2025-10-03T12:36:49.355Z - [REQUEST]: Updated workspace context based on watched changes, recomputing project graph...
[NX v21.1.3 Daemon Server] - 2025-10-03T12:36:49.355Z - [REQUEST]: docs/NX_USAGE.md
[NX v21.1.3 Daemon Server] - 2025-10-03T12:36:49.355Z - [REQUEST]: docs/NX_USAGE.md.tmp.83861.1759495009192
[NX v21.1.3 Daemon Server] - 2025-10-03T12:36:49.357Z - Time taken for 'hash changed files from watcher' 0.7993749999441206ms

 NX   Using `implicitDependencies` for global implicit dependencies configuration is no longer supported.

Use "namedInputs" instead. You can run "nx repair" to automatically migrate your configuration.
For more information about the usage of "namedInputs" see https://nx.dev/deprecated/global-implicit-dependencies#global-implicit-dependencies

[NX v21.1.3 Daemon Server] - 2025-10-03T12:36:49.396Z - Time taken for 'build-project-configs' 34.49849999998696ms
[NX v21.1.3 Daemon Server] - 2025-10-03T12:36:49.430Z - [SYNC]: collect registered sync generators
[NX v21.1.3 Daemon Server] - 2025-10-03T12:36:49.431Z - [SYNC]: project graph hash is the same, not collecting task sync generators
[NX v21.1.3 Daemon Server] - 2025-10-03T12:36:49.431Z - [SYNC]: nx.json hash is the same, not collecting global sync generators
[NX v21.1.3 Daemon Server] - 2025-10-03T12:36:49.431Z - Time taken for 'total execution time for createProjectGraph()' 31.154000000096858ms
[NX v21.1.3 Daemon Server] - 2025-10-03T12:37:51.125Z - [WATCHER]: 1 file(s) created or restored, 0 file(s) modified, 1 file(s) deleted
[NX v21.1.3 Daemon Server] - 2025-10-03T12:37:51.130Z - [WATCHER]: Processing file changes in outputs
[NX v21.1.3 Daemon Server] - 2025-10-03T12:37:51.232Z - [REQUEST]: Updated workspace context based on watched changes, recomputing project graph...
[NX v21.1.3 Daemon Server] - 2025-10-03T12:37:51.232Z - [REQUEST]: docs/NX_USAGE.md
[NX v21.1.3 Daemon Server] - 2025-10-03T12:37:51.232Z - [REQUEST]: docs/NX_USAGE.md.tmp.83861.1759495071026
[NX v21.1.3 Daemon Server] - 2025-10-03T12:37:51.239Z - Time taken for 'hash changed files from watcher' 2.0287909999024123ms

 NX   Using `implicitDependencies` for global implicit dependencies configuration is no longer supported.

Use "namedInputs" instead. You can run "nx repair" to automatically migrate your configuration.
For more information about the usage of "namedInputs" see https://nx.dev/deprecated/global-implicit-dependencies#global-implicit-dependencies

[NX v21.1.3 Daemon Server] - 2025-10-03T12:37:51.283Z - Time taken for 'build-project-configs' 39.04733299999498ms
[NX v21.1.3 Daemon Server] - 2025-10-03T12:37:51.343Z - [SYNC]: collect registered sync generators
[NX v21.1.3 Daemon Server] - 2025-10-03T12:37:51.344Z - [SYNC]: project graph hash is the same, not collecting task sync generators
[NX v21.1.3 Daemon Server] - 2025-10-03T12:37:51.344Z - [SYNC]: nx.json hash is the same, not collecting global sync generators
[NX v21.1.3 Daemon Server] - 2025-10-03T12:37:51.344Z - Time taken for 'total execution time for createProjectGraph()' 49.81516700005159ms
[NX v21.1.3 Daemon Server] - 2025-10-03T12:38:06.412Z - [WATCHER]: 1 file(s) created or restored, 0 file(s) modified, 1 file(s) deleted
[NX v21.1.3 Daemon Server] - 2025-10-03T12:38:06.413Z - [WATCHER]: Processing file changes in outputs
[NX v21.1.3 Daemon Server] - 2025-10-03T12:38:06.515Z - [REQUEST]: Updated workspace context based on watched changes, recomputing project graph...
[NX v21.1.3 Daemon Server] - 2025-10-03T12:38:06.515Z - [REQUEST]: docs/NX_USAGE.md
[NX v21.1.3 Daemon Server] - 2025-10-03T12:38:06.515Z - [REQUEST]: docs/NX_USAGE.md.tmp.83861.1759495086331
[NX v21.1.3 Daemon Server] - 2025-10-03T12:38:06.518Z - Time taken for 'hash changed files from watcher' 0.5509999999776483ms

 NX   Using `implicitDependencies` for global implicit dependencies configuration is no longer supported.

Use "namedInputs" instead. You can run "nx repair" to automatically migrate your configuration.
For more information about the usage of "namedInputs" see https://nx.dev/deprecated/global-implicit-dependencies#global-implicit-dependencies

[NX v21.1.3 Daemon Server] - 2025-10-03T12:38:06.559Z - Time taken for 'build-project-configs' 36.63137500011362ms
[NX v21.1.3 Daemon Server] - 2025-10-03T12:38:06.613Z - [SYNC]: collect registered sync generators
[NX v21.1.3 Daemon Server] - 2025-10-03T12:38:06.615Z - [SYNC]: project graph hash is the same, not collecting task sync generators
[NX v21.1.3 Daemon Server] - 2025-10-03T12:38:06.615Z - [SYNC]: nx.json hash is the same, not collecting global sync generators
[NX v21.1.3 Daemon Server] - 2025-10-03T12:38:06.615Z - Time taken for 'total execution time for createProjectGraph()' 36.09341700002551ms
